OldingCareApp/app/build/intermediates/manifest_merge_blame_file/debug/manifest-merger-blame-debug-report.txt
1<?xml version="1.0" encoding="utf-8"?>
2<manifest xmlns:android="http://schemas.android.com/apk/res/android"
3    package="com.example.oldingcare"
4    android:versionCode="1"
5    android:versionName="1.0" >
6
7    <uses-sdk
8        android:minSdkVersion="30"
8-->src\main\AndroidManifest.xml
9        android:targetSdkVersion="33" />
9-->src\main\AndroidManifest.xml
10
11    <uses-permission android:name="android.permission.WAKE_LOCK" />
11-->src\main\AndroidManifest.xml:4:5-68
11-->src\main\AndroidManifest.xml:4:22-65
12
13    <uses-feature android:name="android.hardware.type.watch" />
13-->src\main\AndroidManifest.xml:6:5-64
13-->src\main\AndroidManifest.xml:6:19-61
14
15    <permission
15-->[androidx.core:core:1.9.0] AndroidManifest.xml:22:5-24:47
16        android:name="com.example.oldingcare.DYNAMIC_RECEIVER_NOT_EXPORTED_PERMISSION"
16-->[androidx.core:core:1.9.0] AndroidManifest.xml:23:9-81
17        android:protectionLevel="signature" />
17-->[androidx.core:core:1.9.0] AndroidManifest.xml:24:9-44
18
19    <uses-permission android:name="com.example.oldingcare.DYNAMIC_RECEIVER_NOT_EXPORTED_PERMISSION" />
19-->[androidx.core:core:1.9.0] AndroidManifest.xml:26:5-97
19-->[androidx.core:core:1.9.0] AndroidManifest.xml:26:22-94
20
21    <application
21-->src\main\AndroidManifest.xml:8:5-60:19
22        android:allowBackup="true"
22-->src\main\AndroidManifest.xml:9:9-35
23        android:appComponentFactory="androidx.core.app.CoreComponentFactory"
23-->[androidx.core:core:1.9.0] AndroidManifest.xml:28:18-86
24        android:debuggable="true"
25        android:extractNativeLibs="false"
26        android:icon="@mipmap/ic_launcher"
26-->src\main\AndroidManifest.xml:10:9-43
27        android:label="@string/app_name"
27-->src\main\AndroidManifest.xml:11:9-41
28        android:supportsRtl="true"
28-->src\main\AndroidManifest.xml:12:9-35
29        android:testOnly="true"
30        android:theme="@android:style/Theme.DeviceDefault" >
30-->src\main\AndroidManifest.xml:13:9-59
31        <activity
31-->src\main\AndroidManifest.xml:14:9-21:20
32            android:name="com.example.oldingcare.MainActivity4"
32-->src\main\AndroidManifest.xml:15:13-42
33            android:exported="false"
33-->src\main\AndroidManifest.xml:16:13-37
34            android:theme="@android:style/Theme.DeviceDefault.NoActionBar" >
34-->src\main\AndroidManifest.xml:17:13-75
35            <meta-data
35-->src\main\AndroidManifest.xml:18:13-20:36
36                android:name="android.app.lib_name"
36-->src\main\AndroidManifest.xml:19:17-52
37                android:value="" />
37-->src\main\AndroidManifest.xml:20:17-33
38        </activity>
39        <activity
39-->src\main\AndroidManifest.xml:22:9-29:20
40            android:name="com.example.oldingcare.MainActivity3"
40-->src\main\AndroidManifest.xml:23:13-42
41            android:exported="false"
41-->src\main\AndroidManifest.xml:24:13-37
42            android:theme="@android:style/Theme.DeviceDefault.NoActionBar" >
42-->src\main\AndroidManifest.xml:25:13-75
43            <meta-data
43-->src\main\AndroidManifest.xml:18:13-20:36
44                android:name="android.app.lib_name"
44-->src\main\AndroidManifest.xml:19:17-52
45                android:value="" />
45-->src\main\AndroidManifest.xml:20:17-33
46        </activity>
47        <activity
47-->src\main\AndroidManifest.xml:30:9-37:20
48            android:name="com.example.oldingcare.MainActivity2"
48-->src\main\AndroidManifest.xml:31:13-42
49            android:exported="false"
49-->src\main\AndroidManifest.xml:32:13-37
50            android:theme="@android:style/Theme.DeviceDefault.NoActionBar" >
50-->src\main\AndroidManifest.xml:33:13-75
51            <meta-data
51-->src\main\AndroidManifest.xml:18:13-20:36
52                android:name="android.app.lib_name"
52-->src\main\AndroidManifest.xml:19:17-52
53                android:value="" />
53-->src\main\AndroidManifest.xml:20:17-33
54        </activity>
55
56        <uses-library
56-->src\main\AndroidManifest.xml:39:9-41:39
57            android:name="com.google.android.wearable"
57-->src\main\AndroidManifest.xml:40:13-55
58            android:required="true" />
58-->src\main\AndroidManifest.xml:41:13-36
59        <!--
60               Set to true if your app is Standalone, that is, it does not require the handheld
61               app to run.
62        -->
63        <meta-data
63-->src\main\AndroidManifest.xml:46:9-48:36
64            android:name="com.google.android.wearable.standalone"
64-->src\main\AndroidManifest.xml:47:13-66
65            android:value="true" />
65-->src\main\AndroidManifest.xml:48:13-33
66
67        <activity
67-->src\main\AndroidManifest.xml:50:9-59:20
68            android:name="com.example.oldingcare.MainActivity"
68-->src\main\AndroidManifest.xml:51:13-41
69            android:exported="true"
69-->src\main\AndroidManifest.xml:52:13-36
70            android:label="@string/app_name" >
70-->src\main\AndroidManifest.xml:53:13-45
71            <intent-filter>
71-->src\main\AndroidManifest.xml:54:13-58:29
72                <action android:name="android.intent.action.MAIN" />
72-->src\main\AndroidManifest.xml:55:17-69
72-->src\main\AndroidManifest.xml:55:25-66
73
74                <category android:name="android.intent.category.LAUNCHER" />
74-->src\main\AndroidManifest.xml:57:17-77
74-->src\main\AndroidManifest.xml:57:27-74
75            </intent-filter>
76        </activity>
77        <activity
77-->[com.google.android.gms:play-services-base:17.5.0] AndroidManifest.xml:23:9-26:75
78            android:name="com.google.android.gms.common.api.GoogleApiActivity"
78-->[com.google.android.gms:play-services-base:17.5.0] AndroidManifest.xml:24:13-79
79            android:exported="false"
79-->[com.google.android.gms:play-services-base:17.5.0] AndroidManifest.xml:25:13-37
80            android:theme="@android:style/Theme.Translucent.NoTitleBar" />
80-->[com.google.android.gms:play-services-base:17.5.0] AndroidManifest.xml:26:13-72
81
82        <meta-data
82-->[com.google.android.gms:play-services-basement:17.5.0] AndroidManifest.xml:23:9-25:69
83            android:name="com.google.android.gms.version"
83-->[com.google.android.gms:play-services-basement:17.5.0] AndroidManifest.xml:24:13-58
84            android:value="@integer/google_play_services_version" />
84-->[com.google.android.gms:play-services-basement:17.5.0] AndroidManifest.xml:25:13-66
85
86        <provider
86-->[androidx.emoji2:emoji2:1.2.0] AndroidManifest.xml:24:9-32:20
87            android:name="androidx.startup.InitializationProvider"
87-->[androidx.emoji2:emoji2:1.2.0] AndroidManifest.xml:25:13-67
88            android:authorities="com.example.oldingcare.androidx-startup"
88-->[androidx.emoji2:emoji2:1.2.0] AndroidManifest.xml:26:13-68
89            android:exported="false" >
89-->[androidx.emoji2:emoji2:1.2.0] AndroidManifest.xml:27:13-37
90            <meta-data
90-->[androidx.emoji2:emoji2:1.2.0] AndroidManifest.xml:29:13-31:52
91                android:name="androidx.emoji2.text.EmojiCompatInitializer"
91-->[androidx.emoji2:emoji2:1.2.0] AndroidManifest.xml:30:17-75
92                android:value="androidx.startup" />
92-->[androidx.emoji2:emoji2:1.2.0] AndroidManifest.xml:31:17-49
93            <meta-data
93-->[androidx.lifecycle:lifecycle-process:2.4.1] AndroidManifest.xml:31:13-33:52
94                android:name="androidx.lifecycle.ProcessLifecycleInitializer"
94-->[androidx.lifecycle:lifecycle-process:2.4.1] AndroidManifest.xml:32:17-78
95                android:value="androidx.startup" />
95-->[androidx.lifecycle:lifecycle-process:2.4.1] AndroidManifest.xml:33:17-49
96        </provider>
97    </application>
98
99</manifest>